(time (map-array-displace))
(MAPARRAY::MAP-ARRAY-DISPLACE)
took 7,162,796 microseconds (7.162796 seconds) to run.
       190,354 microseconds (0.190354 seconds, 2.66%) of which was spent in GC.
During that period, and with 4 available CPU cores,
     7,007,078 microseconds (7.007078 seconds) were spent in user mode
       113,283 microseconds (0.113283 seconds) were spent in system mode
 1,073,741,888 bytes of memory allocated.
 132,558 minor page faults, 0 major page faults, 0 swaps.
#(2 3 0 1 2 3 0 1 2 3 0 1 2 3 0 1 2 3 0 1)

(time (map-array-cons))
(MAPARRAY::MAP-ARRAY-CONS)
took 575,055 microseconds (0.575055 seconds) to run.
During that period, and with 4 available CPU cores,
     525,597 microseconds (0.525597 seconds) were spent in user mode
      46,524 microseconds (0.046524 seconds) were spent in system mode
 268,435,536 bytes of memory allocated.
 57,408 minor page faults, 0 major page faults, 0 swaps.
#(2 3 0 1 2 3 0 1 2 3 0 1 2 3 0 1 2 3 0 1)

(time (map-array-struct-alloc))
(MAPARRAY::MAP-ARRAY-STRUCT-ALLOC)
took 660,802 microseconds (0.660802 seconds) to run.
     171,168 microseconds (0.171168 seconds, 25.90%) of which was spent in GC.
During that period, and with 4 available CPU cores,
     547,328 microseconds (0.547328 seconds) were spent in user mode
     106,192 microseconds (0.106192 seconds) were spent in system mode
 805,306,432 bytes of memory allocated.
 115,296 minor page faults, 0 major page faults, 0 swaps.
#(2 3 0 1 2 3 0 1 2 3 0 1 2 3 0 1 2 3 0 1)

(time (map-array-struct-setf))
(MAPARRAY::MAP-ARRAY-STRUCT-SETF)
took 227,764 microseconds (0.227764 seconds) to run.
During that period, and with 4 available CPU cores,
     193,228 microseconds (0.193228 seconds) were spent in user mode
      33,167 microseconds (0.033167 seconds) were spent in system mode
 268,435,552 bytes of memory allocated.
 57,408 minor page faults, 0 major page faults, 0 swaps.
#(2 3 0 1 2 3 0 1 2 3 0 1 2 3 0 1 2 3 0 1)

(time (map-array-macro))
(MAPARRAY::MAP-ARRAY-MACRO)
took 226,993 microseconds (0.226993 seconds) to run.
During that period, and with 4 available CPU cores,
     172,644 microseconds (0.172644 seconds) were spent in user mode
      53,179 microseconds (0.053179 seconds) were spent in system mode
 268,435,520 bytes of memory allocated.
 57,408 minor page faults, 0 major page faults, 0 swaps.
#(2 3 0 1 2 3 0 1 2 3 0 1 2 3 0 1 2 3 0 1)

(time (map-array-offset))
(MAPARRAY::MAP-ARRAY-OFFSET)
took 1,341,141 microseconds (1.341141 seconds) to run.
During that period, and with 4 available CPU cores,
     1,275,689 microseconds (1.275689 seconds) were spent in user mode
        59,786 microseconds (0.059786 seconds) were spent in system mode
 268,435,520 bytes of memory allocated.
 57,408 minor page faults, 0 major page faults, 0 swaps.
#(2 3 0 1 2 3 0 1 2 3 0 1 2 3 0 1 2 3 0 1)
