(time (map-array-displace))
real time : 0.973 secs
run time  : 0.935 secs
gc count  : 29 times
consed    : 1342179024 bytes
#(2 3 0 1 2 3 0 1 2 3 0 1 2 3 0 1 2 3 0 1)

(time (map-array-cons))
real time : 0.247 secs
run time  : 0.245 secs
gc count  : 1 times
consed    : 268435456 bytes
#(2 3 0 1 2 3 0 1 2 3 0 1 2 3 0 1 2 3 0 1)

(time (map-array-struct-alloc))
real time : 1.297 secs
run time  : 1.383 secs
gc count  : 34 times
consed    : 1610614816 bytes
#(2 3 0 1 2 3 0 1 2 3 0 1 2 3 0 1 2 3 0 1)

(time (map-array-struct-setf))
real time : 0.238 secs
run time  : 0.240 secs
gc count  : 1 times
consed    : 268435472 bytes
#(2 3 0 1 2 3 0 1 2 3 0 1 2 3 0 1 2 3 0 1)

(time (map-array-macro))
real time : 0.045 secs
run time  : 0.044 secs
gc count  : 1 times
consed    : 268435456 bytes
#(2 3 0 1 2 3 0 1 2 3 0 1 2 3 0 1 2 3 0 1)

(time (map-array-offset))
real time : 0.046 secs
run time  : 0.045 secs
gc count  : 1 times
consed    : 268435456 bytes
#(2 3 0 1 2 3 0 1 2 3 0 1 2 3 0 1 2 3 0 1)