(time (map-array-displace))
Evaluation took:
  1.006 seconds of real time
  1.001438 seconds of total run time (0.898488 user, 0.102950 system)
  [ Run times consist of 0.012 seconds GC time, and 0.990 seconds non-GC time. ]
  99.50% CPU
  3,625,293,472 processor cycles
  1,342,143,968 bytes consed
  
#(2 3 0 1 2 3 0 1 2 3 0 1 2 3 0 1 2 3 0 1)

(time (map-array-cons))
Evaluation took:
  0.146 seconds of real time
  0.145739 seconds of total run time (0.082915 user, 0.062824 system)
  100.00% CPU
  527,401,614 processor cycles
  268,435,488 bytes consed
  
#(2 3 0 1 2 3 0 1 2 3 0 1 2 3 0 1 2 3 0 1)

(time (map-array-struct-alloc))
Evaluation took:
  0.226 seconds of real time
  0.224790 seconds of total run time (0.152615 user, 0.072175 system)
  [ Run times consist of 0.011 seconds GC time, and 0.214 seconds non-GC time. ]
  99.56% CPU
  814,376,946 processor cycles
  805,273,632 bytes consed
  
#(2 3 0 1 2 3 0 1 2 3 0 1 2 3 0 1 2 3 0 1)

(time (map-array-struct-setf))
Evaluation took:
  0.153 seconds of real time
  0.151970 seconds of total run time (0.085902 user, 0.066068 system)
  [ Run times consist of 0.001 seconds GC time, and 0.151 seconds non-GC time. ]
  99.35% CPU
  549,763,888 processor cycles
  268,435,488 bytes consed
  
#(2 3 0 1 2 3 0 1 2 3 0 1 2 3 0 1 2 3 0 1)

(time (map-array-macro))
Evaluation took:
  0.146 seconds of real time
  0.146720 seconds of total run time (0.083628 user, 0.063092 system)
  100.68% CPU
  530,502,440 processor cycles
  268,435,488 bytes consed
  
#(2 3 0 1 2 3 0 1 2 3 0 1 2 3 0 1 2 3 0 1)

(time (map-array-offset))
Evaluation took:
  0.120 seconds of real time
  0.119988 seconds of total run time (0.037078 user, 0.082910 system)
  100.00% CPU
  434,323,402 processor cycles
  268,435,488 bytes consed
  
#(2 3 0 1 2 3 0 1 2 3 0 1 2 3 0 1 2 3 0 1)