(map-array-displace)
-          SAMPLES  TOTAL      MINIMUM   MAXIMUM   MEDIAN    AVERAGE   DEVIATION  
REAL-TIME  100      31.603952  0.309439  0.336451  0.313784  0.31604   0.006465   
RUN-TIME   100      31.516455  0.308592  0.334945  0.313005  0.315165  0.006246   


(map-array-cons)
-          SAMPLES  TOTAL     MINIMUM   MAXIMUM   MEDIAN    AVERAGE   DEVIATION  
REAL-TIME  100      3.833769  0.035844  0.046561  0.038413  0.038338  0.00133    
RUN-TIME   100      3.825399  0.035793  0.046408  0.038357  0.038254  0.001326   


(map-array-struct-alloc)
-          SAMPLES  TOTAL     MINIMUM   MAXIMUM   MEDIAN    AVERAGE   DEVIATION  
REAL-TIME  100      5.501781  0.044342  0.072124  0.051767  0.055018  0.008434   
RUN-TIME   100      5.452398  0.044074  0.07202   0.051521  0.054524  0.008368   


(map-array-struct-setf)
-          SAMPLES  TOTAL     MINIMUM   MAXIMUM   MEDIAN    AVERAGE   DEVIATION  
REAL-TIME  100      1.409253  0.01269   0.02288   0.01376   0.014093  0.001513   
RUN-TIME   100      1.388156  0.012621  0.022813  0.013641  0.013882  0.001193   


(map-array-macro)
-          SAMPLES  TOTAL     MINIMUM   MAXIMUM   MEDIAN    AVERAGE   DEVIATION  
REAL-TIME  100      1.374227  0.01239   0.022063  0.013605  0.013742  0.001166   
RUN-TIME   100      1.362866  0.012351  0.021929  0.013454  0.013629  0.001126   


(map-array-offset)
-          SAMPLES  TOTAL     MINIMUM   MAXIMUM   MEDIAN   AVERAGE   DEVIATION  
REAL-TIME  100      8.328433  0.080519  0.091788  0.08305  0.083284  0.001711   
RUN-TIME   100      8.254742  0.080421  0.091504  0.08244  0.082547  0.001198   
