(map-array-displace)
-          SAMPLES  TOTAL      MINIMUM   MAXIMUM   MEDIAN    AVERAGE   DEVIATION  
REAL-TIME  100      72.242935  0.648938  0.770391  0.744069  0.722429  0.04096    
RUN-TIME   100      72.242905  0.648939  0.770394  0.74407   0.722429  0.040964   


(map-array-cons)
-          SAMPLES  TOTAL      MINIMUM   MAXIMUM   MEDIAN    AVERAGE   DEVIATION  
REAL-TIME  100      28.874016  0.273202  0.379172  0.276739  0.28874   0.031976   
RUN-TIME   100      28.874197  0.273203  0.379174  0.27674   0.288742  0.031976   


(map-array-struct-alloc)
-          SAMPLES  TOTAL      MINIMUM   MAXIMUM   MEDIAN    AVERAGE   DEVIATION  
REAL-TIME  100      70.749306  0.619009  0.738056  0.718133  0.707493  0.033682   
RUN-TIME   100      70.74946   0.61901   0.738058  0.718135  0.707495  0.033682   


(map-array-struct-setf)
-          SAMPLES  TOTAL     MINIMUM   MAXIMUM   MEDIAN    AVERAGE   DEVIATION  
REAL-TIME  100      36.34995  0.346345  0.451598  0.350814  0.3635    0.032453   
RUN-TIME   100      36.35011  0.346347  0.4516    0.350816  0.363501  0.032453   


(map-array-macro)
-          SAMPLES  TOTAL      MINIMUM   MAXIMUM   MEDIAN    AVERAGE   DEVIATION  
REAL-TIME  100      10.600057  0.091837  0.188283  0.093071  0.106001  0.03209    
RUN-TIME   100      10.600201  0.091839  0.188285  0.093073  0.106002  0.03209    


(map-array-offset)
-          SAMPLES  TOTAL      MINIMUM   MAXIMUM   MEDIAN    AVERAGE   DEVIATION  
REAL-TIME  100      18.311893  0.167949  0.267765  0.170534  0.183119  0.032164   
RUN-TIME   100      18.312042  0.167951  0.267766  0.170535  0.18312   0.032164   